<?xml version="1.0" encoding="UTF-8" ?>
<testsuite tests="5" failures="0" name="br.com.uniriter.teste.TestBarraMenu" time="15.524" errors="0" skipped="0">
  <properties>
[...]
</properties>
  <testcase classname="br.com.uniriter.teste.TestBarraMenu" name="testClickMenuProprietariosRurais" time="6.384"/>
  <testcase classname="br.com.uniriter.teste.TestBarraMenu" name="testClickMenuPortfolio" time="1.156"/>
  <testcase classname="br.com.uniriter.teste.TestBarraMenu" name="testClickMenuQuemSomos" time="1.219"/>
  <testcase classname="br.com.uniriter.teste.TestBarraMenu" name="testClickMenuContato" time="3.563"/>
  <testcase classname="br.com.uniriter.teste.TestBarraMenu" name="testMenuProprietariosRuraisClickQueroFazerParte" time="3.202"/>
</testsuite>